<?xml version="1.0" encoding="UTF-8"?>
<testsuite name="com.jarc.domain.CharactersDetailUseCaseTest" tests="1" skipped="0" failures="0" errors="0" timestamp="2022-02-27T20:05:52" hostname="JOSHUAR-MSI" time="1.6">
  <properties/>
  <testcase name="should call UseCase and get Result isSuccess" classname="com.jarc.domain.CharactersDetailUseCaseTest" time="1.6"/>
  <system-out><![CDATA[]]></system-out>
  <system-err><![CDATA[]]></system-err>
</testsuite>
